Log file open, 02/13/19 17:55:04
LogWindows: Failed to load 'aqProf.dll' (GetLastError=126)
LogWindows: File 'aqProf.dll' does not exist
LogWindows: Failed to load 'VSPerf140.dll' (GetLastError=126)
LogWindows: File 'VSPerf140.dll' does not exist
LogWindows: Failed to load 'VtuneApi.dll' (GetLastError=126)
LogWindows: File 'VtuneApi.dll' does not exist
LogWindows: Failed to load 'VtuneApi32e.dll' (GetLastError=126)
LogWindows: File 'VtuneApi32e.dll' does not exist
LogInit: Display: Running engine for game: GameplayProtoSpicer
LogPlatformFile: Not using cached read wrapper
LogTaskGraph: Started task graph with 5 named threads and 59 total threads with 3 sets of task threads.
LogStats: Stats thread started at 0.747854
LogD3D11RHI: Loaded GFSDK_Aftermath_Lib.x64.dll
LogICUInternationalization: Display: ICU TimeZone Detection - Raw Offset: -5:00, Platform Override: ''
LogPluginManager: Mounting plugin Paper2D
LogPluginManager: Mounting plugin AISupport
LogPluginManager: Mounting plugin LightPropagationVolume
LogPluginManager: Mounting plugin CLionSourceCodeAccess
LogPluginManager: Mounting plugin CodeLiteSourceCodeAccess
LogPluginManager: Mounting plugin GitSourceControl
LogPluginManager: Mounting plugin KDevelopSourceCodeAccess
LogPluginManager: Mounting plugin NullSourceCodeAccess
LogPluginManager: Mounting plugin PerforceSourceControl
LogPluginManager: Mounting plugin SubversionSourceControl
LogPluginManager: Mounting plugin UObjectPlugin
LogPluginManager: Mounting plugin VisualStudioCodeSourceCodeAccess
LogPluginManager: Mounting plugin VisualStudioSourceCodeAccess
LogPluginManager: Mounting plugin XCodeSourceCodeAccess
LogPluginManager: Mounting plugin AssetManagerEditor
LogPluginManager: Mounting plugin CryptoKeys
LogPluginManager: Mounting plugin DataValidation
LogPluginManager: Mounting plugin FacialAnimation
LogPluginManager: Mounting plugin GameplayTagsEditor
LogPluginManager: Mounting plugin MacGraphicsSwitching
LogPluginManager: Mounting plugin MeshEditor
LogPluginManager: Mounting plugin MobileLauncherProfileWizard
LogPluginManager: Mounting plugin PluginBrowser
LogPluginManager: Mounting plugin SpeedTreeImporter
LogPluginManager: Mounting plugin DatasmithContent
LogPluginManager: Mounting plugin AlembicImporter
LogPluginManager: Mounting plugin AppleImageUtils
LogPluginManager: Mounting plugin AppleVision
LogPluginManager: Mounting plugin BackChannel
LogPluginManager: Mounting plugin CharacterAI
LogPluginManager: Mounting plugin GeometryCache
LogPluginManager: Mounting plugin HTML5Networking
LogPluginManager: Mounting plugin ProxyLODPlugin
LogPluginManager: Mounting plugin MagicLeap
LogPluginManager: Mounting plugin MagicLeapEmulator
LogPluginManager: Mounting plugin MagicLeapMedia
LogPluginManager: Mounting plugin AndroidMedia
LogPluginManager: Mounting plugin AvfMedia
LogPluginManager: Mounting plugin ImgMedia
LogPluginManager: Mounting plugin LinearTimecode
LogPluginManager: Mounting plugin MediaCompositing
LogPluginManager: Mounting plugin MediaPlayerEditor
LogPluginManager: Mounting plugin WmfMedia
LogPluginManager: Mounting plugin TcpMessaging
LogPluginManager: Mounting plugin UdpMessaging
LogPluginManager: Mounting plugin ActorSequence
LogPluginManager: Mounting plugin LevelSequenceEditor
LogPluginManager: Mounting plugin MatineeToLevelSequence
LogPluginManager: Mounting plugin NetcodeUnitTest
LogPluginManager: Mounting plugin NUTUnrealEngine4
LogPluginManager: Mounting plugin OnlineSubsystemGooglePlay
LogPluginManager: Mounting plugin OnlineSubsystemIOS
LogPluginManager: Mounting plugin OnlineSubsystem
LogPluginManager: Mounting plugin OnlineSubsystemNull
LogPluginManager: Mounting plugin OnlineSubsystemUtils
LogPluginManager: Mounting plugin LauncherChunkInstaller
LogPluginManager: Mounting plugin AndroidDeviceProfileSelector
LogPluginManager: Mounting plugin AndroidMoviePlayer
LogPluginManager: Mounting plugin AndroidPermission
LogPluginManager: Mounting plugin AppleMoviePlayer
LogPluginManager: Mounting plugin ArchVisCharacter
LogPluginManager: Mounting plugin AudioCapture
LogPluginManager: Mounting plugin CableComponent
LogPluginManager: Mounting plugin CustomMeshComponent
LogPluginManager: Mounting plugin EditableMesh
LogPluginManager: Mounting plugin ExampleDeviceProfileSelector
LogPluginManager: Mounting plugin GoogleCloudMessaging
LogPluginManager: Mounting plugin ImmediatePhysics
LogPluginManager: Mounting plugin IOSDeviceProfileSelector
LogPluginManager: Mounting plugin LinuxDeviceProfileSelector
LogPluginManager: Mounting plugin LocationServicesBPLibrary
LogPluginManager: Mounting plugin MobilePatchingUtils
LogPluginManager: Mounting plugin OculusVR
LogPluginManager: Plugin shader directory ../../../Engine/Plugins/Runtime/Oculus/OculusVR/Shaders found
LogPluginManager: Mapping shader source directory ../../../Engine/Plugins/Runtime/Oculus/OculusVR/Shaders to virtual directory /Plugin/OculusVR
LogPluginManager: Mounting plugin PhysXVehicles
LogPluginManager: Mounting plugin ProceduralMeshComponent
LogPluginManager: Mounting plugin RuntimePhysXCooking
LogPluginManager: Mounting plugin SteamVR
LogPluginManager: Mounting plugin WindowsMoviePlayer
LogStreaming: Display: Took  0.541s to configure plugins.
LogInit: Using libcurl 7.55.1-DEV
LogInit:  - built for x86_64-pc-win32
LogInit:  - supports SSL with OpenSSL/1.0.2h
LogInit:  - supports HTTP deflate (compression) using libz 1.2.8
LogInit:  - other features:
LogInit:      CURL_VERSION_SSL
LogInit:      CURL_VERSION_LIBZ
LogInit:      CURL_VERSION_IPV6
LogInit:      CURL_VERSION_ASYNCHDNS
LogInit:      CURL_VERSION_LARGEFILE
LogInit:      CURL_VERSION_IDN
LogInit:  CurlRequestOptions (configurable via config and command line):
LogInit:  - bVerifyPeer = false  - Libcurl will NOT verify peer certificate
LogInit:  - bUseHttpProxy = false  - Libcurl will NOT use HTTP proxy
LogInit:  - bDontReuseConnections = false  - Libcurl will reuse connections
LogInit:  - CertBundlePath = nullptr  - Libcurl will use whatever was configured at build time.
LogInit:  - MaxHostConnections = 16  - Libcurl will limit the number of connections to a host
LogInit:  - LocalHostAddr = Default
LogInit:  - BufferSize = 65536
LogInit: WinSock: version 1.1 (2.2), MaxSocks=32767, MaxUdp=65467
LogInit: Build: ++UE4+Release-4.20-CL-4233996
LogInit: Engine Version: 4.20.1-4233996+++UE4+Release-4.20
LogInit: Compatible Engine Version: 4.20.0-4212847+++UE4+Release-4.20
LogInit: Net CL: 4212847
LogInit: OS: Windows 10 (), CPU: Intel(R) Xeon(R) CPU E5-2630 v4 @ 2.20GHz, GPU: NVIDIA Quadro P5000
LogInit: Compiled (64-bit): Jul 26 2018 10:07:30
LogInit: Compiled with Visual C++: 19.13.26129.00
LogInit: Build Configuration: Development
LogInit: Branch Name: ++UE4+Release-4.20
LogInit: Command Line: 
LogInit: Base Directory: C:/Program Files/Epic Games/UE_4.20/Engine/Binaries/Win64/
LogInit: Installed Engine Build: 1
LogDevObjectVersion: Number of dev versions registered: 20
LogDevObjectVersion:   Dev-Blueprints (B0D832E4-1F89-4F0D-ACCF-7EB736FD4AA2): 10
LogDevObjectVersion:   Dev-Build (E1C64328-A22C-4D53-A36C-8E866417BD8C): 0
LogDevObjectVersion:   Dev-Core (375EC13C-06E4-48FB-B500-84F0262A717E): 2
LogDevObjectVersion:   Dev-Editor (E4B068ED-F494-42E9-A231-DA0B2E46BB41): 24
LogDevObjectVersion:   Dev-Framework (CFFC743F-43B0-4480-9391-14DF171D2073): 34
LogDevObjectVersion:   Dev-Mobile (B02B49B5-BB20-44E9-A304-32B752E40360): 2
LogDevObjectVersion:   Dev-Networking (A4E4105C-59A1-49B5-A7C5-40C4547EDFEE): 0
LogDevObjectVersion:   Dev-Online (39C831C9-5AE6-47DC-9A44-9C173E1C8E7C): 0
LogDevObjectVersion:   Dev-Physics (78F01B33-EBEA-4F98-B9B4-84EACCB95AA2): 0
LogDevObjectVersion:   Dev-Platform (6631380F-2D4D-43E0-8009-CF276956A95A): 0
LogDevObjectVersion:   Dev-Rendering (12F88B9F-8875-4AFC-A67C-D90C383ABD29): 26
LogDevObjectVersion:   Dev-Sequencer (7B5AE74C-D270-4C10-A958-57980B212A5A): 9
LogDevObjectVersion:   Dev-VR (D7296918-1DD6-4BDD-9DE2-64A83CC13884): 2
LogDevObjectVersion:   Dev-LoadTimes (C2A15278-BFE7-4AFE-6C17-90FF531DF755): 1
LogDevObjectVersion:   Private-Geometry (6EACA3D4-40EC-4CC1-B786-8BED09428FC5): 3
LogDevObjectVersion:   Dev-AnimPhys (29E575DD-E0A3-4627-9D10-D276232CDCEA): 17
LogDevObjectVersion:   Dev-ReflectionCapture (6B266CEC-1EC7-4B8F-A30B-E4D90942FC07): 1
LogDevObjectVersion:   Dev-Automation (0DF73D61-A23F-47EA-B727-89E90C41499A): 1
LogDevObjectVersion:   FortniteMain (601D1886-AC64-4F84-AA16-D3DE0DEAC7D6): 12
LogDevObjectVersion:   Dev-Enterprise (9DFFBCD6-494F-0158-E221-12823C92A888): 1
LogStreaming: Display: Took  0.002s to delete old logs.
LogInit: Presizing for max 8388607 objects, including 0 objects not considered by GC, pre-allocating 0 bytes for permanent pool.
LogInit: Object subsystem initialized
[2019.02.13-22.55.06:278][  0]LogInit: Selected Device Profile: [Windows]
[2019.02.13-22.55.06:278][  0]LogInit: Applying CVar settings loaded from the selected device profile: [Windows]
[2019.02.13-22.55.06:310][  0]LogHAL: Display: Platform has ~ 32 GB [34277933056 / 34359738368 / 32], which maps to Largest [LargestMinGB=32, LargerMinGB=12, DefaultMinGB=8, SmallerMinGB=6, SmallestMinGB=0)
[2019.02.13-22.55.06:311][  0]LogInit: Setting Device Profile CVar: [[r.Vulkan.UseRealUBs:1]]
[2019.02.13-22.55.06:311][  0]LogInit: Going up to parent DeviceProfile []
[2019.02.13-22.55.06:311][  0]LogInit: Computer: ATC-174-07
[2019.02.13-22.55.06:311][  0]LogInit: User: Spicerm2
[2019.02.13-22.55.06:311][  0]LogInit: CPU Page size=4096, Cores=10
[2019.02.13-22.55.06:311][  0]LogInit: High frequency timer resolution =2.143473 MHz
[2019.02.13-22.55.06:312][  0]LogMemory: Memory total: Physical=31.9GB (32GB approx)
[2019.02.13-22.55.06:312][  0]LogMemory: Platform Memory Stats for Windows
[2019.02.13-22.55.06:312][  0]LogMemory: Process Physical Memory: 102.36 MB used, 102.36 MB peak
[2019.02.13-22.55.06:312][  0]LogMemory: Process Virtual Memory: 93.87 MB used, 93.87 MB peak
[2019.02.13-22.55.06:312][  0]LogMemory: Physical Memory: 9067.98 MB used,  23622.00 MB free, 32689.98 MB total
[2019.02.13-22.55.06:312][  0]LogMemory: Virtual Memory: 597.14 MB used,  23622.00 MB free, 134217728.00 MB total
[2019.02.13-22.55.06:362][  0]LogInit: Using OS detected language (en-US).
[2019.02.13-22.55.06:362][  0]LogInit: Using OS detected locale (en-US).
[2019.02.13-22.55.06:374][  0]LogTextLocalizationManager: No specific localization for 'en-US' exists, so the 'en' localization will be used.
[2019.02.13-22.55.06:948][  0]LogStreaming: Display: Took  0.586s to InitEngineTextLocalization.
[2019.02.13-22.55.06:949][  0]LogInit: Setting process to per monitor DPI aware
[2019.02.13-22.55.07:016][  0]LogSlate: New Slate User Created.  User Index 0, Is Virtual User: 0
[2019.02.13-22.55.07:016][  0]LogSlate: Slate User Registered.  User Index 0, Is Virtual User: 0
[2019.02.13-22.55.07:755][  0]LogHMD: Failed to initialize OpenVR with code 110
[2019.02.13-22.55.07:755][  0]LogD3D11RHI: D3D11 adapters:
[2019.02.13-22.55.07:855][  0]LogD3D11RHI:    0. 'NVIDIA Quadro P5000' (Feature Level 11_0)
[2019.02.13-22.55.07:855][  0]LogD3D11RHI:       16255/0/16344 MB DedicatedVideo/DedicatedSystem/SharedSystem, Outputs:2, VendorId:0x10de
[2019.02.13-22.55.07:858][  0]LogD3D11RHI:    1. 'Microsoft Basic Render Driver' (Feature Level 11_0)
[2019.02.13-22.55.07:858][  0]LogD3D11RHI:       0/0/16344 MB DedicatedVideo/DedicatedSystem/SharedSystem, Outputs:0, VendorId:0x1414
[2019.02.13-22.55.07:859][  0]LogD3D11RHI: Chosen D3D11 Adapter: 0
[2019.02.13-22.55.07:869][  0]LogD3D11RHI: Creating new Direct3DDevice
[2019.02.13-22.55.07:869][  0]LogD3D11RHI:     GPU DeviceId: 0x1bb0 (for the marketing name, search the web for "GPU Device Id")
[2019.02.13-22.55.07:869][  0]LogWindows: EnumDisplayDevices:
[2019.02.13-22.55.07:869][  0]LogWindows:    0. 'NVIDIA Quadro P5000' (P:1 D:1)
[2019.02.13-22.55.07:869][  0]LogWindows:    1. 'NVIDIA Quadro P5000' (P:0 D:1)
[2019.02.13-22.55.07:870][  0]LogWindows:    2. 'NVIDIA Quadro P5000' (P:0 D:0)
[2019.02.13-22.55.07:870][  0]LogWindows:    3. 'NVIDIA Quadro P5000' (P:0 D:0)
[2019.02.13-22.55.07:870][  0]LogWindows: DebugString: FoundDriverCount:4 
[2019.02.13-22.55.07:870][  0]LogD3D11RHI:     Adapter Name: NVIDIA Quadro P5000
[2019.02.13-22.55.07:870][  0]LogD3D11RHI:   Driver Version: 397.93 (internal:24.21.13.9793, unified:397.93)
[2019.02.13-22.55.07:870][  0]LogD3D11RHI:      Driver Date: 5-22-2018
[2019.02.13-22.55.07:870][  0]LogRHI: Texture pool is 11378 MB (70% of 16255 MB)
[2019.02.13-22.55.07:932][  0]LogD3D11RHI: Async texture creation enabled
[2019.02.13-22.55.07:952][  0]LogD3D11RHI: GPU Timing Frequency: 1000.000000 (Debug: 2 2)
[2019.02.13-22.55.07:956][  0]LogShaderCompilers: Guid format shader working directory is -11 characters bigger than the processId version (../../../../../../Users/Spicerm2/Desktop/GameplayProtoSpicer/Intermediate/Shaders/WorkingDirectory/7164/).
[2019.02.13-22.55.07:958][  0]LogShaderCompilers: Cleaned the shader compiler working directory 'C:/Users/Spicerm2/AppData/Local/Temp/UnrealShaderWorkingDir/26B1AE1D4EF9023C810C1AA4B931B7B4/'.
[2019.02.13-22.55.08:418][  0]LogTemp: Display: Loaded TP AllDesktopTargetPlatform
[2019.02.13-22.55.08:439][  0]LogTemp: Display: Loaded TP MacClientTargetPlatform
[2019.02.13-22.55.08:461][  0]LogTemp: Display: Loaded TP MacNoEditorTargetPlatform
[2019.02.13-22.55.08:482][  0]LogTemp: Display: Loaded TP MacServerTargetPlatform
[2019.02.13-22.55.08:505][  0]LogTemp: Display: Loaded TP MacTargetPlatform
[2019.02.13-22.55.08:527][  0]LogTemp: Display: Loaded TP WindowsClientTargetPlatform
[2019.02.13-22.55.08:557][  0]LogTemp: Display: Loaded TP WindowsNoEditorTargetPlatform
[2019.02.13-22.55.08:578][  0]LogTemp: Display: Loaded TP WindowsServerTargetPlatform
[2019.02.13-22.55.08:589][  0]LogTemp: Display: Loaded TP WindowsTargetPlatform
[2019.02.13-22.55.08:714][  0]LogTemp: Display: Loaded TP AndroidTargetPlatform
[2019.02.13-22.55.08:714][  0]LogTemp: Display: Loaded TP AndroidTargetPlatform
[2019.02.13-22.55.08:714][  0]LogTemp: Display: Loaded TP AndroidTargetPlatform
[2019.02.13-22.55.08:714][  0]LogTemp: Display: Loaded TP AndroidTargetPlatform
[2019.02.13-22.55.08:714][  0]LogTemp: Display: Loaded TP AndroidTargetPlatform
[2019.02.13-22.55.08:714][  0]LogTemp: Display: Loaded TP AndroidTargetPlatform
[2019.02.13-22.55.08:714][  0]LogTemp: Display: Loaded TP AndroidTargetPlatform
[2019.02.13-22.55.08:714][  0]LogTemp: Display: Loaded TP AndroidTargetPlatform
[2019.02.13-22.55.08:714][  0]LogTemp: Display: Loaded TP AndroidTargetPlatform
[2019.02.13-22.55.08:714][  0]LogTemp: Display: Loaded TP AndroidTargetPlatform
[2019.02.13-22.55.08:714][  0]LogTemp: Display: Loaded TP AndroidTargetPlatform
[2019.02.13-22.55.08:714][  0]LogTemp: Display: Loaded TP AndroidTargetPlatform
[2019.02.13-22.55.08:714][  0]LogTemp: Display: Loaded TP AndroidTargetPlatform
[2019.02.13-22.55.08:714][  0]LogTemp: Display: Loaded TP AndroidTargetPlatform
[2019.02.13-22.55.08:714][  0]LogTemp: Display: Loaded TP AndroidTargetPlatform
[2019.02.13-22.55.08:714][  0]LogTemp: Display: Loaded TP AndroidTargetPlatform
[2019.02.13-22.55.08:714][  0]LogTemp: Display: Loaded TP AndroidTargetPlatform
[2019.02.13-22.55.08:714][  0]LogTemp: Display: Loaded TP AndroidTargetPlatform
[2019.02.13-22.55.08:718][  0]LogTemp: Display: Loaded TP HTML5TargetPlatform
[2019.02.13-22.55.08:804][  0]LogTemp: Display: Loaded TP IOSTargetPlatform
[2019.02.13-22.55.08:804][  0]LogTemp: Display: Loaded TP IOSTargetPlatform
[2019.02.13-22.55.08:841][  0]LogTemp: Display: Loaded TP TVOSTargetPlatform
[2019.02.13-22.55.08:842][  0]LogTemp: Display: Loaded TP TVOSTargetPlatform
[2019.02.13-22.55.08:863][  0]LogTemp: Display: Loaded TP LinuxClientTargetPlatform
[2019.02.13-22.55.08:885][  0]LogTemp: Display: Loaded TP LinuxNoEditorTargetPlatform
[2019.02.13-22.55.08:905][  0]LogTemp: Display: Loaded TP LinuxServerTargetPlatform
[2019.02.13-22.55.08:929][  0]LogTemp: Display: Loaded TP LinuxTargetPlatform
[2019.02.13-22.55.08:946][  0]LogTemp: Display: Loaded TP LuminTargetPlatform
[2019.02.13-22.55.08:946][  0]LogTargetPlatformManager: Display: Building Assets For Windows
[2019.02.13-22.55.09:062][  0]LogXGEController: Cannot use XGE Controller as Incredibuild is not installed on this machine.
[2019.02.13-22.55.09:062][  0]LogShaderCompilers: Cannot use XGE Shader Compiler as Incredibuild is not installed on this machine.
[2019.02.13-22.55.09:062][  0]LogShaderCompilers: Display: Using Local Shader Compiler.
[2019.02.13-22.55.10:208][  0]LogDerivedDataCache: Display: Max Cache Size: 512 MB
[2019.02.13-22.55.10:287][  0]LogDerivedDataCache: Loaded boot cache 0.08s 87MB C:/Users/Spicerm2/AppData/Local/UnrealEngine/4.20/DerivedDataCache/Boot.ddc.
[2019.02.13-22.55.10:287][  0]LogDerivedDataCache: Display: Loaded Boot cache: C:/Users/Spicerm2/AppData/Local/UnrealEngine/4.20/DerivedDataCache/Boot.ddc
[2019.02.13-22.55.10:287][  0]LogDerivedDataCache: FDerivedDataBackendGraph:  Pak pak cache file ../../../../../../Users/Spicerm2/Desktop/GameplayProtoSpicer/DerivedDataCache/DDC.ddp not found, will not use a pak cache.
[2019.02.13-22.55.10:287][  0]LogDerivedDataCache: Unable to find inner node Pak for hierarchical cache Hierarchy.
[2019.02.13-22.55.10:287][  0]LogDerivedDataCache: FDerivedDataBackendGraph:  CompressedPak pak cache file ../../../../../../Users/Spicerm2/Desktop/GameplayProtoSpicer/DerivedDataCache/Compressed.ddp not found, will not use a pak cache.
[2019.02.13-22.55.10:287][  0]LogDerivedDataCache: Unable to find inner node CompressedPak for hierarchical cache Hierarchy.
[2019.02.13-22.55.10:305][  0]LogDerivedDataCache: Display: Pak cache opened for reading ../../../Engine/DerivedDataCache/Compressed.ddp.
[2019.02.13-22.55.10:326][  0]LogDerivedDataCache: Using Local data cache path C:/Users/Spicerm2/AppData/Local/UnrealEngine/Common/DerivedDataCache: Writable
[2019.02.13-22.55.10:326][  0]LogDerivedDataCache: Shared data cache path not found in *engine.ini, will not use an Shared cache.
[2019.02.13-22.55.10:326][  0]LogDerivedDataCache: Unable to find inner node Shared for hierarchical cache Hierarchy.
[2019.02.13-22.55.10:366][  0]LogMaterial: Verifying Global Shaders for PCD3D_SM5
[2019.02.13-22.55.10:370][  0]LogSlate: Using FreeType 2.6.0
[2019.02.13-22.55.10:379][  0]LogSlate: SlateFontServices - WITH_FREETYPE: 1, WITH_HARFBUZZ: 1
[2019.02.13-22.55.10:535][  0]LogAssetRegistry: FAssetRegistry took 0.0292 seconds to start up
[2019.02.13-22.55.11:086][  0]LogInit: Selected Device Profile: [Windows]
[2019.02.13-22.55.11:316][  0]LogSimplygon: Simplygon DLL not present - disabling.
[2019.02.13-22.55.11:328][  0]LogMeshReduction: Using SimplygonSwarm for distributed automatic mesh merging
[2019.02.13-22.55.11:328][  0]LogMeshReduction: Using ProxyLODMeshReduction for automatic mesh merging
[2019.02.13-22.55.11:328][  0]LogMeshReduction: Using QuadricMeshReduction for automatic static mesh reduction
[2019.02.13-22.55.11:328][  0]LogMeshReduction: No automatic skeletal mesh reduction module available
[2019.02.13-22.55.11:376][  0]LogNetVersion: GameplayProtoSpicer 1.0.0, NetCL: 4212847, EngineNetVer: 5, GameNetVer: 0 (Checksum: 3397060853)
[2019.02.13-22.55.12:377][  0]LogPackageLocalizationCache: Processed 11 localized package path(s) for 2 prioritized culture(s) in 0.304417 seconds
[2019.02.13-22.55.12:385][  0]LogUObjectArray: 38425 objects as part of root set at end of initial load.
[2019.02.13-22.55.12:385][  0]LogUObjectAllocator: 6690864 out of 0 bytes used by permanent object pool.
[2019.02.13-22.55.12:385][  0]LogUObjectArray: CloseDisregardForGC: 0/0 objects in disregard for GC pool
[2019.02.13-22.55.14:326][  0]LogTcpMessaging: Initializing TcpMessaging bridge
[2019.02.13-22.55.14:344][  0]LogUdpMessaging: Initializing bridge on interface 0.0.0.0:0 to multicast group 230.0.0.1:6666.
[2019.02.13-22.55.14:600][  0]SourceControl: Source control is disabled
[2019.02.13-22.55.14:600][  0]SourceControl: Source control is disabled
[2019.02.13-22.55.14:606][  0]SourceControl: Source control is disabled
[2019.02.13-22.55.14:612][  0]SourceControl: Source control is disabled
[2019.02.13-22.55.14:919][  0]LogAndroidPermission: UAndroidPermissionCallbackProxy::GetInstance
[2019.02.13-22.55.14:998][  0]LogOcInput: OculusInput pre-init called
[2019.02.13-22.55.15:128][  0]LogEngine: Initializing Engine...
[2019.02.13-22.55.15:132][  0]LogHMD: Failed to initialize OpenVR with code 110
[2019.02.13-22.55.15:135][  0]LogStats: UGameplayTagsManager::ConstructGameplayTagTree: ImportINI prefixes -  0.000 s
[2019.02.13-22.55.15:135][  0]LogStats: UGameplayTagsManager::ConstructGameplayTagTree: Construct from data asset -  0.000 s
[2019.02.13-22.55.15:136][  0]LogStats: UGameplayTagsManager::ConstructGameplayTagTree: ImportINI -  0.000 s
[2019.02.13-22.55.15:136][  0]LogStats: UGameplayTagsManager::ConstructGameplayTagTree: GameplayTagTreeChangedEvent.Broadcast -  0.000 s
[2019.02.13-22.55.15:500][  0]LogInit: Initializing FReadOnlyCVARCache
[2019.02.13-22.55.15:521][  0]LogAIModule: Creating AISystem for world Untitled
[2019.02.13-22.55.15:528][  0]LogInit: XAudio2 using 'Speakers (2- High Definition Audio Device)' : 2 channels at 48 kHz using 16 bits per sample (channel mask 0x3)
[2019.02.13-22.55.15:546][  0]LogInit: FAudioDevice initialized.
[2019.02.13-22.55.15:546][  0]LogNetVersion: Set ProjectVersion to 1.0.0.0. Version Checksum will be recalculated on next use.
[2019.02.13-22.55.15:647][  0]LogDerivedDataCache: Saved boot cache 0.10s 71MB C:/Users/Spicerm2/AppData/Local/UnrealEngine/4.20/DerivedDataCache/Boot.ddc.
[2019.02.13-22.55.15:650][  0]LogInit: Texture streaming: Enabled
[2019.02.13-22.55.15:677][  0]LogEngineSessionManager: EngineSessionManager initialized
[2019.02.13-22.55.15:702][  0]LogInit: Transaction tracking system initialized
[2019.02.13-22.55.15:738][  0]BlueprintLog: New page: Editor Load
[2019.02.13-22.55.15:910][  0]LocalizationService: Localization service is disabled
[2019.02.13-22.55.16:354][  0]LogCook: Display: Max memory allowance for cook 16384mb min free memory 0mb
[2019.02.13-22.55.16:354][  0]LogCook: Display: Mobile HDR setting 1
[2019.02.13-22.55.16:354][  0]LogGameplayTags: Display: UGameplayTagsManager::DoneAddingNativeTags. DelegateIsBound: 0
[2019.02.13-22.55.16:354][  0]LogStats: UGameplayTagsManager::ConstructGameplayTagTree: ImportINI prefixes -  0.000 s
[2019.02.13-22.55.16:354][  0]LogStats: UGameplayTagsManager::ConstructGameplayTagTree: Construct from data asset -  0.000 s
[2019.02.13-22.55.16:355][  0]LogStats: UGameplayTagsManager::ConstructGameplayTagTree: ImportINI -  0.000 s
[2019.02.13-22.55.16:355][  0]LogStats: UGameplayTagsManager::ConstructGameplayTagTree: GameplayTagTreeChangedEvent.Broadcast -  0.000 s
[2019.02.13-22.55.16:632][  0]LogFileCache: Scanning file cache for directory 'C:/Users/Spicerm2/Desktop/GameplayProtoSpicer/Content/' took 0.04s
[2019.02.13-22.55.16:632][  0]SourceControl: Source control is disabled
[2019.02.13-22.55.16:765][  0]LogSlate: Took 0.002462 seconds to synchronously load lazily loaded font '../../../Engine/Content/Slate/Fonts/Roboto-Regular.ttf' (155K)
[2019.02.13-22.58.03:458][  0]LogSlate: Window 'Restore Packages' being destroyed
[2019.02.13-22.58.03:459][  0]LogWindowsTextInputMethodSystem: Display: IME system now deactivated.
[2019.02.13-22.58.03:489][  0]LogWindowsTextInputMethodSystem: Display: IME system now deactivated.
[2019.02.13-22.58.03:491][  0]Cmd: MAP LOAD FILE="../../../../../../Users/Spicerm2/Desktop/GameplayProtoSpicer/Content/FirstPersonBP/Maps/FirstPersonExampleMap.umap" TEMPLATE=0 SHOWPROGRESS=1 FEATURELEVEL=3
[2019.02.13-22.58.03:493][  0]LightingResults: New page: Lighting Build
[2019.02.13-22.58.03:499][  0]MapCheck: New page: Map Check
[2019.02.13-22.58.03:499][  0]LightingResults: New page: Lighting Build
[2019.02.13-22.58.04:408][  0]LogAIModule: Creating AISystem for world FirstPersonExampleMap
[2019.02.13-22.58.04:430][  0]LogEditorServer: Finished looking for orphan Actors (0.000 secs)
[2019.02.13-22.58.04:483][  0]Cmd: MAP CHECKDEP NOCLEARLOG
[2019.02.13-22.58.04:718][  0]MapCheck: Map check complete: 0 Error(s), 0 Warning(s), took 234.859ms to complete.
[2019.02.13-22.58.04:719][  0]LogFileHelpers: Loading map 'FirstPersonExampleMap' took 1.228
[2019.02.13-22.58.04:845][  0]LogSlate: Updating window title bar state: overlay mode, drag disabled, window buttons hidden, title bar hidden
[2019.02.13-22.58.04:853][  0]LogSlate: Updating window title bar state: overlay mode, drag disabled, window buttons hidden, title bar hidden
[2019.02.13-22.58.04:862][  0]LogSlate: Updating window title bar state: overlay mode, drag disabled, window buttons hidden, title bar hidden
[2019.02.13-22.58.04:870][  0]LogSlate: Updating window title bar state: overlay mode, drag disabled, window buttons hidden, title bar hidden
[2019.02.13-22.58.04:885][  0]LogCollectionManager: Loaded 0 collections in 0.005858 seconds
[2019.02.13-22.58.04:953][  0]LogFileCache: Scanning file cache for directory 'C:/Users/Spicerm2/Desktop/GameplayProtoSpicer/Saved/Collections/' took 0.01s
[2019.02.13-22.58.04:953][  0]LogFileCache: Scanning file cache for directory 'C:/Users/Spicerm2/Desktop/GameplayProtoSpicer/Content/Developers/Spicerm2/Collections/' took 0.01s
[2019.02.13-22.58.04:953][  0]LogFileCache: Scanning file cache for directory 'C:/Users/Spicerm2/Desktop/GameplayProtoSpicer/Content/Collections/' took 0.01s
[2019.02.13-22.58.04:953][  0]LogCollectionManager: Rebuilt the GUID cache for 0 collections in 0.000000 seconds
[2019.02.13-22.58.04:967][  0]LogContentBrowser: Native class hierarchy populated in 0.0133 seconds. Added 2572 classes and 603 folders.
[2019.02.13-22.58.04:977][  0]LogContentBrowser: Native class hierarchy updated for 'WidgetCarousel' in 0.0004 seconds. Added 0 classes and 0 folders.
[2019.02.13-22.58.05:488][  0]LogContentBrowser: Native class hierarchy updated for 'AddContentDialog' in 0.0016 seconds. Added 0 classes and 0 folders.
[2019.02.13-22.58.05:498][  0]LogContentBrowser: Native class hierarchy updated for 'SceneOutliner' in 0.0005 seconds. Added 1 classes and 2 folders.
[2019.02.13-22.58.05:525][  0]LogSlate: Took 0.003691 seconds to synchronously load lazily loaded font '../../../Engine/Content/Slate/Fonts/Roboto-Bold.ttf' (160K)
[2019.02.13-22.58.05:540][  0]LogSlate: Took 0.003844 seconds to synchronously load lazily loaded font '../../../Engine/Content/Editor/Slate/Fonts/FontAwesome.ttf' (139K)
[2019.02.13-22.58.05:644][  0]LogRenderer: Reallocating scene render targets to support 1208x576 Format 10 NumSamples 1 (Frame:1).
[2019.02.13-22.58.05:802][  0]LogContentBrowser: Native class hierarchy updated for 'HierarchicalLODOutliner' in 0.0005 seconds. Added 0 classes and 0 folders.
[2019.02.13-22.58.05:802][  0]LogLoad: (Engine Initialization) Total time: 198.53 seconds
[2019.02.13-22.58.05:802][  0]LogLoad: (Engine Initialization) Total Blueprint compile time: 0.00 seconds
[2019.02.13-22.58.05:836][  0]LogContentStreaming: Texture pool size now 3000 MB
[2019.02.13-22.58.05:876][  0]LogSlate: Took 0.000917 seconds to synchronously load lazily loaded font '../../../Engine/Content/Slate/Fonts/Roboto-Light.ttf' (167K)
[2019.02.13-22.58.05:900][  1]LogAssetRegistry: Asset discovery search completed in 175.3877 seconds
[2019.02.13-22.58.05:902][  1]LogCollectionManager: Rebuilt the object cache for 0 collections in 0.000000 seconds (found 0 objects)
[2019.02.13-22.58.05:902][  1]LogCollectionManager: Fixed up redirectors for 0 collections in 0.000068 seconds (updated 0 objects)
[2019.02.13-22.58.11:022][593]LogSlate: FSceneViewport::OnFocusLost() reason 0
[2019.02.13-22.58.13:959][919]LogSlate: Window 'GameplayProtoSpicer - Unreal Editor' being destroyed
[2019.02.13-22.58.13:959][919]LogWindowsTextInputMethodSystem: Display: IME system now deactivated.
[2019.02.13-22.58.13:964][919]LogWindowsTextInputMethodSystem: Display: IME system now deactivated.
[2019.02.13-22.58.14:138][920]Cmd: QUIT_EDITOR
[2019.02.13-22.58.14:182][920]LogExit: Preparing to exit.
[2019.02.13-22.58.14:836][920]LogExit: Editor shut down
[2019.02.13-22.58.14:837][920]LogExit: Transaction tracking system shut down
[2019.02.13-22.58.15:298][920]LogExit: Object subsystem successfully closed.
[2019.02.13-22.58.15:339][920]LogShaderCompilers: Display: Shaders left to compile 0
[2019.02.13-22.58.15:343][920]LogD3D11RHI: Shutdown
[2019.02.13-22.58.15:343][920]LogD3D11RHI: CleanupD3DDevice
[2019.02.13-22.58.15:345][920]LogD3D11RHI: ~FD3D11DynamicRHI
[2019.02.13-22.58.15:382][920]LogModuleManager: Shutting down and abandoning module HierarchicalLODOutliner (610)
[2019.02.13-22.58.15:382][920]LogModuleManager: Shutting down and abandoning module SceneOutliner (608)
[2019.02.13-22.58.15:382][920]LogModuleManager: Shutting down and abandoning module AddContentDialog (606)
[2019.02.13-22.58.15:383][920]LogModuleManager: Shutting down and abandoning module WidgetCarousel (605)
[2019.02.13-22.58.15:383][920]LogModuleManager: Shutting down and abandoning module EditorWidgets (602)
[2019.02.13-22.58.15:383][920]LogModuleManager: Shutting down and abandoning module CollectionManager (600)
[2019.02.13-22.58.15:383][920]LogModuleManager: Shutting down and abandoning module StatsViewer (598)
[2019.02.13-22.58.15:383][920]LogModuleManager: Shutting down and abandoning module FoliageEdit (596)
[2019.02.13-22.58.15:383][920]LogModuleManager: Shutting down and abandoning module LandscapeEditor (594)
[2019.02.13-22.58.15:383][920]LogModuleManager: Shutting down and abandoning module MeshPaintMode (592)
[2019.02.13-22.58.15:383][920]LogModuleManager: Shutting down and abandoning module SceneDepthPickerMode (590)
[2019.02.13-22.58.15:383][920]LogModuleManager: Shutting down and abandoning module ActorPickerMode (588)
[2019.02.13-22.58.15:383][920]LogModuleManager: Shutting down and abandoning module GeometryMode (586)
[2019.02.13-22.58.15:383][920]LogModuleManager: Shutting down and abandoning module TextureAlignMode (584)
[2019.02.13-22.58.15:383][920]LogModuleManager: Shutting down and abandoning module BspMode (582)
[2019.02.13-22.58.15:383][920]LogModuleManager: Shutting down and abandoning module PIEPreviewDeviceProfileSelector (580)
[2019.02.13-22.58.15:383][920]LogModuleManager: Shutting down and abandoning module SequenceRecorderSections (578)
[2019.02.13-22.58.15:383][920]LogModuleManager: Shutting down and abandoning module AutomationWorker (576)
[2019.02.13-22.58.15:383][920]LogModuleManager: Shutting down and abandoning module AudioCaptureEditor (574)
[2019.02.13-22.58.15:383][920]LogModuleManager: Shutting down and abandoning module SequenceRecorder (573)
[2019.02.13-22.58.15:383][920]LogModuleManager: Shutting down and abandoning module MatineeToLevelSequence (570)
[2019.02.13-22.58.15:383][920]LogModuleManager: Shutting down and abandoning module LevelSequenceEditor (568)
[2019.02.13-22.58.15:384][920]LogModuleManager: Shutting down and abandoning module PlacementMode (567)
[2019.02.13-22.58.15:384][920]LogModuleManager: Shutting down and abandoning module MaterialEditor (566)
[2019.02.13-22.58.15:384][920]LogModuleManager: Shutting down and abandoning module WmfMediaFactory (562)
[2019.02.13-22.58.15:384][920]LogModuleManager: Shutting down and abandoning module WmfMediaEditor (560)
[2019.02.13-22.58.15:384][920]LogModuleManager: Shutting down and abandoning module MediaPlayerEditor (558)
[2019.02.13-22.58.15:384][920]LogModuleManager: Shutting down and abandoning module OpenExrWrapper (556)
[2019.02.13-22.58.15:384][920]LogModuleManager: Shutting down and abandoning module ImgMediaFactory (554)
[2019.02.13-22.58.15:384][920]LogModuleManager: Shutting down and abandoning module ImgMediaEditor (552)
[2019.02.13-22.58.15:384][920]LogModuleManager: Shutting down and abandoning module AvfMediaFactory (550)
[2019.02.13-22.58.15:384][920]LogModuleManager: Shutting down and abandoning module AvfMediaEditor (548)
[2019.02.13-22.58.15:384][920]LogModuleManager: Shutting down and abandoning module AndroidMediaFactory (546)
[2019.02.13-22.58.15:384][920]LogModuleManager: Shutting down and abandoning module AndroidMediaEditor (544)
[2019.02.13-22.58.15:384][920]LogModuleManager: Shutting down and abandoning module MagicLeapCameraPreviewFactory (542)
[2019.02.13-22.58.15:384][920]LogModuleManager: Shutting down and abandoning module MagicLeapMediaFactory (540)
[2019.02.13-22.58.15:384][920]LogModuleManager: Shutting down and abandoning module MagicLeapMediaEditor (538)
[2019.02.13-22.58.15:384][920]LogModuleManager: Shutting down and abandoning module CharacterAI (536)
[2019.02.13-22.58.15:384][920]LogModuleManager: Shutting down and abandoning module SmartSnapping (534)
[2019.02.13-22.58.15:384][920]LogModuleManager: Shutting down and abandoning module SessionServices (532)
[2019.02.13-22.58.15:384][920]LogModuleManager: Shutting down and abandoning module ViewportSnapping (530)
[2019.02.13-22.58.15:384][920]LogModuleManager: Shutting down and abandoning module ViewportInteraction (528)
[2019.02.13-22.58.15:384][920]LogModuleManager: Shutting down and abandoning module ClothPainter (526)
[2019.02.13-22.58.15:384][920]LogModuleManager: Shutting down and abandoning module SkeletalMeshEditor (525)
[2019.02.13-22.58.15:384][920]LogModuleManager: Shutting down and abandoning module LogVisualizer (522)
[2019.02.13-22.58.15:384][920]LogModuleManager: Shutting down and abandoning module IntroTutorials (520)
[2019.02.13-22.58.15:384][920]LogModuleManager: Shutting down and abandoning module GameProjectGeneration (519)
[2019.02.13-22.58.15:384][920]LogModuleManager: Shutting down and abandoning module LuminPlatformEditor (516)
[2019.02.13-22.58.15:384][920]LogModuleManager: Shutting down and abandoning module IOSPlatformEditor (514)
[2019.02.13-22.58.15:384][920]LogModuleManager: Shutting down and abandoning module HTML5PlatformEditor (512)
[2019.02.13-22.58.15:385][920]LogModuleManager: Shutting down and abandoning module AndroidPlatformEditor (510)
[2019.02.13-22.58.15:385][920]LogModuleManager: Shutting down and abandoning module AndroidDeviceDetection (509)
[2019.02.13-22.58.16:062][920]LogModuleManager: Shutting down and abandoning module WindowsPlatformEditor (506)
[2019.02.13-22.58.16:062][920]LogModuleManager: Shutting down and abandoning module LuminRuntimeSettings (504)
[2019.02.13-22.58.16:063][920]LogModuleManager: Shutting down and abandoning module IOSRuntimeSettings (502)
[2019.02.13-22.58.16:063][920]LogModuleManager: Shutting down and abandoning module AndroidRuntimeSettings (500)
[2019.02.13-22.58.16:063][920]LogModuleManager: Shutting down and abandoning module InputBindingEditor (498)
[2019.02.13-22.58.16:063][920]LogModuleManager: Shutting down and abandoning module MergeActors (496)
[2019.02.13-22.58.16:063][920]LogModuleManager: Shutting down and abandoning module LocalizationDashboard (494)
[2019.02.13-22.58.16:063][920]LogModuleManager: Shutting down and abandoning module LocalizationService (493)
[2019.02.13-22.58.16:063][920]LogModuleManager: Shutting down and abandoning module HardwareTargeting (490)
[2019.02.13-22.58.16:063][920]LogModuleManager: Shutting down and abandoning module DeviceProfileEditor (488)
[2019.02.13-22.58.16:063][920]LogModuleManager: Shutting down and abandoning module UndoHistory (486)
[2019.02.13-22.58.16:063][920]LogModuleManager: Shutting down and abandoning module XmlParser (484)
[2019.02.13-22.58.16:063][920]LogModuleManager: Shutting down and abandoning module Blutility (482)
[2019.02.13-22.58.16:063][920]LogModuleManager: Shutting down and abandoning module ProjectSettingsViewer (480)
[2019.02.13-22.58.16:064][920]LogModuleManager: Shutting down and abandoning module ProjectTargetPlatformEditor (479)
[2019.02.13-22.58.16:064][920]LogModuleManager: Shutting down and abandoning module EditorSettingsViewer (476)
[2019.02.13-22.58.16:064][920]LogModuleManager: Shutting down and abandoning module SettingsEditor (474)
[2019.02.13-22.58.16:064][920]LogModuleManager: Shutting down and abandoning module ProjectLauncher (472)
[2019.02.13-22.58.16:064][920]LogModuleManager: Shutting down and abandoning module SessionFrontend (470)
[2019.02.13-22.58.16:064][920]LogModuleManager: Shutting down and abandoning module ProfilerClient (468)
[2019.02.13-22.58.16:064][920]LogModuleManager: Shutting down and abandoning module DeviceManager (466)
[2019.02.13-22.58.16:064][920]LogModuleManager: Shutting down and abandoning module TargetDeviceServices (465)
[2019.02.13-22.58.16:128][920]LogModuleManager: Shutting down and abandoning module AutomationController (462)
[2019.02.13-22.58.16:128][920]LogModuleManager: Shutting down and abandoning module AutomationWindow (460)
[2019.02.13-22.58.16:128][920]LogModuleManager: Shutting down and abandoning module Layers (458)
[2019.02.13-22.58.16:128][920]LogModuleManager: Shutting down and abandoning module ComponentVisualizers (456)
[2019.02.13-22.58.16:128][920]LogModuleManager: Shutting down and abandoning module DetailCustomizations (454)
[2019.02.13-22.58.16:129][920]LogModuleManager: Shutting down and abandoning module PackagesDialog (452)
[2019.02.13-22.58.16:129][920]LogModuleManager: Shutting down and abandoning module Persona (450)
[2019.02.13-22.58.16:129][920]LogModuleManager: Shutting down and abandoning module AdvancedPreviewScene (449)
[2019.02.13-22.58.16:129][920]LogModuleManager: Shutting down and abandoning module AnimGraph (447)
[2019.02.13-22.58.16:129][920]LogModuleManager: Shutting down and abandoning module Kismet (444)
[2019.02.13-22.58.16:129][920]LogModuleManager: Shutting down and abandoning module GraphEditor (442)
[2019.02.13-22.58.16:129][920]LogModuleManager: Shutting down and abandoning module ClassViewer (440)
[2019.02.13-22.58.16:129][920]LogModuleManager: Shutting down and abandoning module Toolbox (438)
[2019.02.13-22.58.16:129][920]LogModuleManager: Shutting down and abandoning module ModuleUI (436)
[2019.02.13-22.58.16:130][920]LogModuleManager: Shutting down and abandoning module MovieSceneTools (434)
[2019.02.13-22.58.16:130][920]LogModuleManager: Shutting down and abandoning module OutputLog (432)
[2019.02.13-22.58.16:130][920]LogModuleManager: Shutting down and abandoning module GammaUI (430)
[2019.02.13-22.58.16:130][920]LogModuleManager: Shutting down and abandoning module Documentation (428)
[2019.02.13-22.58.16:130][920]LogModuleManager: Shutting down and abandoning module MovieSceneTracks (426)
[2019.02.13-22.58.16:130][920]LogModuleManager: Shutting down and abandoning module MovieScene (424)
[2019.02.13-22.58.16:130][920]LogModuleManager: Shutting down and abandoning module StreamingPauseRendering (422)
[2019.02.13-22.58.16:130][920]LogModuleManager: Shutting down and abandoning module LauncherPlatform (420)
[2019.02.13-22.58.16:130][920]LogModuleManager: Shutting down and abandoning module AnalyticsET (418)
[2019.02.13-22.58.16:130][920]LogModuleManager: Shutting down and abandoning module PortalServices (416)
[2019.02.13-22.58.16:130][920]LogModuleManager: Shutting down and abandoning module PortalRpc (414)
[2019.02.13-22.58.16:130][920]LogModuleManager: Shutting down and abandoning module MessagingRpc (412)
[2019.02.13-22.58.16:130][920]LogModuleManager: Shutting down and abandoning module AIModule (410)
[2019.02.13-22.58.16:130][920]LogModuleManager: Shutting down and abandoning module GameplayDebugger (409)
[2019.02.13-22.58.16:130][920]LogModuleManager: Shutting down and abandoning module AITestSuite (407)
[2019.02.13-22.58.16:130][920]LogModuleManager: Shutting down and abandoning module NavigationSystem (405)
[2019.02.13-22.58.16:130][920]LogModuleManager: Shutting down and abandoning module DesktopPlatform (402)
[2019.02.13-22.58.16:130][920]LogModuleManager: Shutting down and abandoning module ProfilerService (400)
[2019.02.13-22.58.16:329][920]LogModuleManager: Shutting down and abandoning module TaskGraph (398)
[2019.02.13-22.58.16:329][920]LogModuleManager: Shutting down and abandoning module SteamVRController (396)
[2019.02.13-22.58.16:329][920]LogModuleManager: Shutting down and abandoning module ProceduralMeshComponentEditor (394)
[2019.02.13-22.58.16:329][920]LogModuleManager: Shutting down and abandoning module ProceduralMeshComponent (392)
[2019.02.13-22.58.16:329][920]LogModuleManager: Shutting down and abandoning module OculusInput (390)
[2019.02.13-22.58.16:329][920]LogModuleManager: Shutting down and abandoning module MobilePatchingUtils (388)
[2019.02.13-22.58.16:329][920]LogModuleManager: Shutting down and abandoning module EditableMesh (386)
[2019.02.13-22.58.16:329][920]LogModuleManager: Shutting down and abandoning module CustomMeshComponent (384)
[2019.02.13-22.58.16:329][920]LogModuleManager: Shutting down and abandoning module CableComponent (382)
[2019.02.13-22.58.16:329][920]LogModuleManager: Shutting down and abandoning module AudioCapture (380)
[2019.02.13-22.58.16:329][920]LogModuleManager: Shutting down and abandoning module ArchVisCharacter (378)
[2019.02.13-22.58.16:329][920]LogModuleManager: Shutting down and abandoning module AndroidPermission (376)
[2019.02.13-22.58.16:329][920]LogModuleManager: Shutting down and abandoning module NUTUnrealEngine4 (374)
[2019.02.13-22.58.16:329][920]LogModuleManager: Shutting down and abandoning module NetcodeUnitTest (372)
[2019.02.13-22.58.16:329][920]LogModuleManager: Shutting down and abandoning module MediaCompositingEditor (370)
[2019.02.13-22.58.16:329][920]LogModuleManager: Shutting down and abandoning module MediaCompositing (368)
[2019.02.13-22.58.16:329][920]LogModuleManager: Shutting down and abandoning module LinearTimecode (366)
[2019.02.13-22.58.16:329][920]LogModuleManager: Shutting down and abandoning module ImgMedia (364)
[2019.02.13-22.58.16:335][920]LogModuleManager: Shutting down and abandoning module HTML5Networking (362)
[2019.02.13-22.58.16:335][920]LogModuleManager: Shutting down and abandoning module GeometryCacheTracks (360)
[2019.02.13-22.58.16:335][920]LogModuleManager: Shutting down and abandoning module GeometryCacheSequencer (358)
[2019.02.13-22.58.16:335][920]LogModuleManager: Shutting down and abandoning module BackChannel (356)
[2019.02.13-22.58.16:335][920]LogModuleManager: Shutting down and abandoning module AppleVision (354)
[2019.02.13-22.58.16:335][920]LogModuleManager: Shutting down and abandoning module AppleImageUtils (352)
[2019.02.13-22.58.16:335][920]LogModuleManager: Shutting down and abandoning module AlembicImporter (350)
[2019.02.13-22.58.16:335][920]LogModuleManager: Shutting down and abandoning module AlembicLibrary (349)
[2019.02.13-22.58.16:335][920]LogModuleManager: Shutting down and abandoning module GeometryCache (348)
[2019.02.13-22.58.16:335][920]LogModuleManager: Shutting down and abandoning module GeometryCacheEd (347)
[2019.02.13-22.58.16:335][920]LogModuleManager: Shutting down and abandoning module DatasmithContentEditor (342)
[2019.02.13-22.58.16:335][920]LogModuleManager: Shutting down and abandoning module DatasmithContent (340)
[2019.02.13-22.58.16:336][920]LogModuleManager: Shutting down and abandoning module SpeedTreeImporter (338)
[2019.02.13-22.58.16:336][920]LogModuleManager: Shutting down and abandoning module PluginBrowser (336)
[2019.02.13-22.58.16:336][920]LogModuleManager: Shutting down and abandoning module MobileLauncherProfileWizard (334)
[2019.02.13-22.58.16:336][920]LogModuleManager: Shutting down and abandoning module PolygonModeling (332)
[2019.02.13-22.58.16:336][920]LogModuleManager: Shutting down and abandoning module MeshEditor (330)
[2019.02.13-22.58.16:336][920]LogModuleManager: Shutting down and abandoning module CryptoKeysOpenSSL (328)
[2019.02.13-22.58.16:337][920]LogModuleManager: Shutting down and abandoning module CryptoKeys (326)
[2019.02.13-22.58.16:337][920]LogModuleManager: Shutting down and abandoning module VisualStudioSourceCodeAccess (324)
[2019.02.13-22.58.16:337][920]LogModuleManager: Shutting down and abandoning module VisualStudioCodeSourceCodeAccess (322)
[2019.02.13-22.58.16:337][920]LogModuleManager: Shutting down and abandoning module UObjectPlugin (320)
[2019.02.13-22.58.16:337][920]LogModuleManager: Shutting down and abandoning module SubversionSourceControl (318)
[2019.02.13-22.58.16:337][920]LogModuleManager: Shutting down and abandoning module PerforceSourceControl (316)
[2019.02.13-22.58.16:337][920]LogModuleManager: Shutting down and abandoning module GitSourceControl (314)
[2019.02.13-22.58.16:337][920]LogModuleManager: Shutting down and abandoning module SourceControl (313)
[2019.02.13-22.58.16:337][920]LogModuleManager: Shutting down and abandoning module CLionSourceCodeAccess (310)
[2019.02.13-22.58.16:337][920]LogModuleManager: Shutting down and abandoning module LightPropagationVolumeEditor (308)
[2019.02.13-22.58.16:337][920]LogModuleManager: Shutting down and abandoning module PaperTiledImporter (306)
[2019.02.13-22.58.16:337][920]LogModuleManager: Shutting down and abandoning module PaperSpriteSheetImporter (304)
[2019.02.13-22.58.16:337][920]LogModuleManager: Shutting down and abandoning module Paper2DEditor (302)
[2019.02.13-22.58.16:337][920]LogModuleManager: Shutting down and abandoning module MeshPaint (301)
[2019.02.13-22.58.16:337][920]LogModuleManager: Shutting down and abandoning module RuntimePhysXCooking (298)
[2019.02.13-22.58.16:337][920]LogModuleManager: Shutting down and abandoning module PhysXVehiclesEditor (296)
[2019.02.13-22.58.16:337][920]LogModuleManager: Shutting down and abandoning module PhysXVehicles (294)
[2019.02.13-22.58.16:337][920]LogModuleManager: Shutting down and abandoning module OculusEditor (292)
[2019.02.13-22.58.16:337][920]LogModuleManager: Shutting down and abandoning module LocationServicesBPLibrary (290)
[2019.02.13-22.58.16:337][920]LogModuleManager: Shutting down and abandoning module ImmediatePhysicsEditor (288)
[2019.02.13-22.58.16:337][920]LogModuleManager: Shutting down and abandoning module ImmediatePhysics (286)
[2019.02.13-22.58.16:337][920]LogModuleManager: Shutting down and abandoning module ActorSequence (284)
[2019.02.13-22.58.16:337][920]LogModuleManager: Shutting down and abandoning module UdpMessaging (282)
[2019.02.13-22.58.16:438][920]LogModuleManager: Shutting down and abandoning module TcpMessaging (280)
[2019.02.13-22.58.16:539][920]LogModuleManager: Shutting down and abandoning module MagicLeapAudio (278)
[2019.02.13-22.58.16:539][920]LogModuleManager: Shutting down and abandoning module GameplayTagsEditor (276)
[2019.02.13-22.58.16:539][920]LogModuleManager: Shutting down and abandoning module FacialAnimationEditor (274)
[2019.02.13-22.58.16:539][920]LogModuleManager: Shutting down and abandoning module FacialAnimation (272)
[2019.02.13-22.58.16:539][920]LogModuleManager: Shutting down and abandoning module DataValidation (270)
[2019.02.13-22.58.16:539][920]LogModuleManager: Shutting down and abandoning module AssetManagerEditor (268)
[2019.02.13-22.58.16:540][920]LogModuleManager: Shutting down and abandoning module LevelEditor (267)
[2019.02.13-22.58.16:541][920]LogModuleManager: Shutting down and abandoning module PixelInspectorModule (266)
[2019.02.13-22.58.16:541][920]LogModuleManager: Shutting down and abandoning module CommonMenuExtensions (264)
[2019.02.13-22.58.16:541][920]LogModuleManager: Shutting down and abandoning module MainFrame (262)
[2019.02.13-22.58.16:541][920]LogModuleManager: Shutting down and abandoning module HotReload (261)
[2019.02.13-22.58.16:541][920]LogModuleManager: Shutting down and abandoning module ContentBrowser (257)
[2019.02.13-22.58.16:543][920]LogModuleManager: Shutting down and abandoning module TreeMap (255)
[2019.02.13-22.58.16:543][920]LogModuleManager: Shutting down and abandoning module LightPropagationVolumeRuntime (252)
[2019.02.13-22.58.16:543][920]LogModuleManager: Shutting down and abandoning module AISupportModule (250)
[2019.02.13-22.58.16:543][920]LogModuleManager: Shutting down and abandoning module Paper2D (248)
[2019.02.13-22.58.16:543][920]LogModuleManager: Shutting down and abandoning module WindowsMoviePlayer (246)
[2019.02.13-22.58.16:543][920]LogModuleManager: Shutting down and abandoning module WmfMedia (244)
[2019.02.13-22.58.16:545][920]LogModuleManager: Shutting down and abandoning module Media (243)
[2019.02.13-22.58.16:552][920]LogModuleManager: Shutting down and abandoning module PacketHandler (240)
[2019.02.13-22.58.16:552][920]LogModuleManager: Shutting down and abandoning module ClothingSystemEditor (238)
[2019.02.13-22.58.16:552][920]LogModuleManager: Shutting down and abandoning module ClothingSystemRuntime (236)
[2019.02.13-22.58.16:552][920]LogModuleManager: Shutting down and abandoning module MediaAssets (234)
[2019.02.13-22.58.16:552][920]LogModuleManager: Shutting down and abandoning module Overlay (232)
[2019.02.13-22.58.16:552][920]LogModuleManager: Shutting down and abandoning module OverlayEditor (231)
[2019.02.13-22.58.16:553][920]LogModuleManager: Shutting down and abandoning module VREditor (228)
[2019.02.13-22.58.16:553][920]LogModuleManager: Shutting down and abandoning module StringTableEditor (226)
[2019.02.13-22.58.16:553][920]LogModuleManager: Shutting down and abandoning module GameplayTasksEditor (224)
[2019.02.13-22.58.16:553][920]LogModuleManager: Shutting down and abandoning module BehaviorTreeEditor (222)
[2019.02.13-22.58.16:553][920]LogModuleManager: Shutting down and abandoning module FunctionalTesting (220)
[2019.02.13-22.58.16:553][920]LogModuleManager: Shutting down and abandoning module CollisionAnalyzer (218)
[2019.02.13-22.58.16:553][920]LogModuleManager: Shutting down and abandoning module WorkspaceMenuStructure (217)
[2019.02.13-22.58.16:553][920]LogModuleManager: Shutting down and abandoning module UMG (214)
[2019.02.13-22.58.16:553][920]LogModuleManager: Shutting down and abandoning module UMGEditor (213)
[2019.02.13-22.58.16:553][920]LogModuleManager: Shutting down and abandoning module Sequencer (212)
[2019.02.13-22.58.16:553][920]LogModuleManager: Shutting down and abandoning module MessageLog (209)
[2019.02.13-22.58.16:553][920]LogModuleManager: Shutting down and abandoning module SlateReflector (204)
[2019.02.13-22.58.16:553][920]LogModuleManager: Shutting down and abandoning module Slate (202)
[2019.02.13-22.58.16:553][920]LogModuleManager: Shutting down and abandoning module EditorStyle (200)
[2019.02.13-22.58.16:556][920]LogModuleManager: Shutting down and abandoning module MRMesh (198)
[2019.02.13-22.58.16:556][920]LogModuleManager: Shutting down and abandoning module SourceCodeAccess (196)
[2019.02.13-22.58.16:556][920]LogModuleManager: Shutting down and abandoning module HeadMountedDisplay (194)
[2019.02.13-22.58.16:556][920]LogModuleManager: Shutting down and abandoning module XAudio2 (192)
[2019.02.13-22.58.16:556][920]LogModuleManager: Shutting down and abandoning module Networking (190)
[2019.02.13-22.58.16:556][920]LogModuleManager: Shutting down and abandoning module Core (188)
[2019.02.13-22.58.16:556][920]LogModuleManager: Shutting down and abandoning module LevelSequence (186)
[2019.02.13-22.58.16:556][920]LogModuleManager: Shutting down and abandoning module KismetCompiler (184)
[2019.02.13-22.58.16:556][920]LogModuleManager: Shutting down and abandoning module MeshUtilities (182)
[2019.02.13-22.58.16:556][920]LogModuleManager: Shutting down and abandoning module MeshMergeUtilities (181)
[2019.02.13-22.58.16:556][920]LogModuleManager: Shutting down and abandoning module MeshReductionInterface (180)
[2019.02.13-22.58.16:556][920]LogModuleManager: Shutting down and abandoning module SimplygonSwarm (179)
[2019.02.13-22.58.16:556][920]LogModuleManager: Shutting down and abandoning module ProxyLODMeshReduction (177)
[2019.02.13-22.58.16:556][920]LogModuleManager: Shutting down and abandoning module SimplygonMeshReduction (175)
[2019.02.13-22.58.16:556][920]LogModuleManager: Shutting down and abandoning module QuadricMeshReduction (173)
[2019.02.13-22.58.16:556][920]LogModuleManager: Shutting down and abandoning module MaterialBaking (169)
[2019.02.13-22.58.16:556][920]LogModuleManager: Shutting down and abandoning module DirectoryWatcher (165)
[2019.02.13-22.58.16:556][920]LogModuleManager: Shutting down and abandoning module DerivedDataCache (162)
[2019.02.13-22.58.16:606][920]LogDerivedDataCache: Shutdown
[2019.02.13-22.58.16:606][920]LogModuleManager: Shutting down and abandoning module XGEController (160)
[2019.02.13-22.58.16:606][920]LogModuleManager: Shutting down and abandoning module TargetPlatform (158)
[2019.02.13-22.58.16:606][920]LogModuleManager: Shutting down and abandoning module VulkanShaderFormat (157)
[2019.02.13-22.58.16:606][920]LogModuleManager: Shutting down and abandoning module ShaderFormatVectorVM (155)
[2019.02.13-22.58.16:606][920]LogModuleManager: Shutting down and abandoning module ShaderFormatOpenGL (153)
[2019.02.13-22.58.16:606][920]LogModuleManager: Shutting down and abandoning module ShaderFormatD3D (151)
[2019.02.13-22.58.16:606][920]LogModuleManager: Shutting down and abandoning module MetalShaderFormat (149)
[2019.02.13-22.58.16:606][920]LogModuleManager: Shutting down and abandoning module TextureFormatUncompressed (147)
[2019.02.13-22.58.16:606][920]LogModuleManager: Shutting down and abandoning module TextureFormatPVR (145)
[2019.02.13-22.58.16:606][920]LogModuleManager: Shutting down and abandoning module TextureFormatDXT (143)
[2019.02.13-22.58.16:606][920]LogModuleManager: Shutting down and abandoning module TextureFormatIntelISPCTexComp (141)
[2019.02.13-22.58.16:606][920]LogModuleManager: Shutting down and abandoning module TextureFormatASTC (139)
[2019.02.13-22.58.16:606][920]LogModuleManager: Shutting down and abandoning module ImageWrapper (138)
[2019.02.13-22.58.16:606][920]LogModuleManager: Shutting down and abandoning module TextureFormatAndroid (135)
[2019.02.13-22.58.16:606][920]LogModuleManager: Shutting down and abandoning module AudioFormatOpus (133)
[2019.02.13-22.58.16:606][920]LogModuleManager: Shutting down and abandoning module AudioFormatOgg (131)
[2019.02.13-22.58.16:606][920]LogModuleManager: Shutting down and abandoning module AudioFormatADPCM (129)
[2019.02.13-22.58.16:606][920]LogModuleManager: Shutting down and abandoning module LuminTargetPlatform (127)
[2019.02.13-22.58.16:606][920]LogModuleManager: Shutting down and abandoning module LinuxTargetPlatform (125)
[2019.02.13-22.58.16:606][920]LogModuleManager: Shutting down and abandoning module LinuxServerTargetPlatform (123)
[2019.02.13-22.58.16:606][920]LogModuleManager: Shutting down and abandoning module LinuxNoEditorTargetPlatform (121)
[2019.02.13-22.58.16:606][920]LogModuleManager: Shutting down and abandoning module LinuxClientTargetPlatform (119)
[2019.02.13-22.58.16:606][920]LogModuleManager: Shutting down and abandoning module TVOSTargetPlatform (117)
[2019.02.13-22.58.16:608][920]LogModuleManager: Shutting down and abandoning module Messaging (115)
[2019.02.13-22.58.16:608][920]LogModuleManager: Shutting down and abandoning module IOSTargetPlatform (113)
[2019.02.13-22.58.16:609][920]LogModuleManager: Shutting down and abandoning module HTML5TargetPlatform (111)
[2019.02.13-22.58.16:609][920]LogModuleManager: Shutting down and abandoning module AndroidTargetPlatform (109)
[2019.02.13-22.58.16:619][920]LogModuleManager: Shutting down and abandoning module WindowsTargetPlatform (107)
[2019.02.13-22.58.16:619][920]LogModuleManager: Shutting down and abandoning module WindowsServerTargetPlatform (105)
[2019.02.13-22.58.16:619][920]LogModuleManager: Shutting down and abandoning module WindowsNoEditorTargetPlatform (103)
[2019.02.13-22.58.16:619][920]LogModuleManager: Shutting down and abandoning module WindowsClientTargetPlatform (101)
[2019.02.13-22.58.16:619][920]LogModuleManager: Shutting down and abandoning module MacTargetPlatform (99)
[2019.02.13-22.58.16:619][920]LogModuleManager: Shutting down and abandoning module MacServerTargetPlatform (97)
[2019.02.13-22.58.16:619][920]LogModuleManager: Shutting down and abandoning module MacNoEditorTargetPlatform (95)
[2019.02.13-22.58.16:619][920]LogModuleManager: Shutting down and abandoning module MacClientTargetPlatform (93)
[2019.02.13-22.58.16:619][920]LogModuleManager: Shutting down and abandoning module AllDesktopTargetPlatform (91)
[2019.02.13-22.58.16:619][920]LogModuleManager: Shutting down and abandoning module InputCore (88)
[2019.02.13-22.58.16:620][920]LogModuleManager: Shutting down and abandoning module Settings (86)
[2019.02.13-22.58.16:620][920]LogModuleManager: Shutting down and abandoning module PhysXCooking (84)
[2019.02.13-22.58.16:620][920]LogModuleManager: Shutting down and abandoning module SteamVR (82)
[2019.02.13-22.58.16:620][920]LogModuleManager: Shutting down and abandoning module OculusHMD (80)
[2019.02.13-22.58.16:620][920]LogModuleManager: Shutting down and abandoning module ExampleDeviceProfileSelector (78)
[2019.02.13-22.58.16:620][920]LogModuleManager: Shutting down and abandoning module LauncherChunkInstaller (76)
[2019.02.13-22.58.16:620][920]LogModuleManager: Shutting down and abandoning module OnlineBlueprintSupport (74)
[2019.02.13-22.58.16:620][920]LogModuleManager: Shutting down and abandoning module OnlineSubsystem (70)
[2019.02.13-22.58.16:621][920]LogModuleManager: Shutting down and abandoning module XMPP (65)
[2019.02.13-22.58.16:621][920]LogModuleManager: Shutting down and abandoning module WebSockets (64)
[2019.02.13-22.58.16:637][920]LogModuleManager: Shutting down and abandoning module HTTP (61)
[2019.02.13-22.58.16:637][920]LogHttp: Display: Http module shutting down, but needs to wait on 1 outstanding Http requests:
[2019.02.13-22.58.16:637][920]LogHttp: Display: 	verb=[POST] url=[https://datarouter.ol.epicgames.com/datarouter/api/v1/public/data?SessionID=%7B7E83872A-4CFE-0DE4-0DA5-929EB8143007%7D&AppID=UEEditor.Rocket.Release&AppVersion=4.20.1-4233996%2B%2B%2BUE4%2BRelease-4.20&UserID=da1e0b5f44b776f15bcee994b3b0ee0d%7C%7Cbd02cd1e-ef26-45b5-bb6b-7145d0e420ee&AppEnvironment=datacollector-binary&UploadType=eteventstream] status=Processing
[2019.02.13-22.58.16:648][920]LogModuleManager: Shutting down and abandoning module SSL (60)
[2019.02.13-22.58.16:650][920]LogModuleManager: Shutting down and abandoning module MagicLeapEmulator (56)
[2019.02.13-22.58.16:650][920]LogModuleManager: Shutting down and abandoning module MagicLeapPrivileges (54)
[2019.02.13-22.58.16:650][920]LogModuleManager: Shutting down and abandoning module MagicLeapIdentity (52)
[2019.02.13-22.58.16:650][920]LogModuleManager: Shutting down and abandoning module MagicLeapHelperVulkan (50)
[2019.02.13-22.58.16:650][920]LogModuleManager: Shutting down and abandoning module MagicLeapHelperOpenGL (48)
[2019.02.13-22.58.16:650][920]LogModuleManager: Shutting down and abandoning module MagicLeapSecureStorage (46)
[2019.02.13-22.58.16:650][920]LogModuleManager: Shutting down and abandoning module MagicLeapGestures (44)
[2019.02.13-22.58.16:650][920]LogModuleManager: Shutting down and abandoning module MagicLeapEyeTracker (42)
[2019.02.13-22.58.16:650][920]LogModuleManager: Shutting down and abandoning module MagicLeapController (40)
[2019.02.13-22.58.16:650][920]LogSlate: Slate User Destroyed.  User Index 0, Is Virtual User: 0
[2019.02.13-22.58.16:650][920]LogModuleManager: Shutting down and abandoning module MagicLeap (38)
[2019.02.13-22.58.16:650][920]LogModuleManager: Shutting down and abandoning module AnimationModifiers (36)
[2019.02.13-22.58.16:650][920]LogModuleManager: Shutting down and abandoning module PropertyEditor (35)
[2019.02.13-22.58.16:650][920]LogModuleManager: Shutting down and abandoning module AudioEditor (32)
[2019.02.13-22.58.16:650][920]LogModuleManager: Shutting down and abandoning module TextureCompressor (30)
[2019.02.13-22.58.16:651][920]LogModuleManager: Shutting down and abandoning module ShaderCore (28)
[2019.02.13-22.58.16:651][920]LogModuleManager: Shutting down and abandoning module Landscape (26)
[2019.02.13-22.58.16:651][920]LogModuleManager: Shutting down and abandoning module SlateRHIRenderer (24)
[2019.02.13-22.58.16:651][920]LogModuleManager: Shutting down and abandoning module OpenGLDrv (22)
[2019.02.13-22.58.16:651][920]LogModuleManager: Shutting down and abandoning module D3D11RHI (20)
[2019.02.13-22.58.16:651][920]LogModuleManager: Shutting down and abandoning module AnimGraphRuntime (18)
[2019.02.13-22.58.16:651][920]LogModuleManager: Shutting down and abandoning module Renderer (16)
[2019.02.13-22.58.16:651][920]LogModuleManager: Shutting down and abandoning module Engine (14)
[2019.02.13-22.58.16:651][920]LogModuleManager: Shutting down and abandoning module CoreUObject (12)
[2019.02.13-22.58.16:651][920]LogModuleManager: Shutting down and abandoning module NetworkFile (10)
[2019.02.13-22.58.16:651][920]LogModuleManager: Shutting down and abandoning module CookedIterativeFile (8)
[2019.02.13-22.58.16:651][920]LogModuleManager: Shutting down and abandoning module StreamingFile (6)
[2019.02.13-22.58.16:651][920]LogModuleManager: Shutting down and abandoning module SandboxFile (4)
[2019.02.13-22.58.16:651][920]LogModuleManager: Shutting down and abandoning module PakFile (2)
[2019.02.13-22.58.16:684][920]LogExit: Exiting.
[2019.02.13-22.58.16:710][920]Log file closed, 02/13/19 17:58:16
